<?xml version="1.0" encoding="UTF-8"?>
<!-- Generated by org.testng.reporters.JUnitReportReporter -->
<testsuite hostname="DESKTOP-150RU6Q" failures="0" tests="1" name="TestPackage.testCase2" time="49.185" errors="0" timestamp="2022-02-26T22:12:40 IST" skipped="0">
  <testcase classname="TestPackage.testCase2" name="VerifyArrivals" time="49.185"/>
  <system-out/>
</testsuite> <!-- TestPackage.testCase2 -->
