<?xml version="1.0" encoding="UTF-8"?>
<!-- Generated by org.testng.reporters.JUnitReportReporter -->
<testsuite hostname="DESKTOP-150RU6Q" failures="0" tests="2" name="TestPackage.testCase6" time="48.415" errors="0" timestamp="2022-02-27T01:07:08 IST" skipped="0">
  <testcase classname="TestPackage.testCase6" name="verifynevigateToBassket" time="20.295"/>
  <system-out/>
  <testcase classname="TestPackage.testCase6" name="verifyReviewTabAndNavigate" time="28.120"/>
  <system-out/>
</testsuite> <!-- TestPackage.testCase6 -->
