<?xml version="1.0" encoding="UTF-8"?>
<!-- Generated by org.testng.reporters.JUnitReportReporter -->
<testsuite hostname="DESKTOP-150RU6Q" failures="0" tests="2" name="TestPackage.testCase3" time="58.630" errors="0" timestamp="2022-02-26T22:12:40 IST" skipped="0">
  <testcase classname="TestPackage.testCase3" name="VerifyCurrectSelectionOfArrivals" time="24.052"/>
  <system-out/>
  <testcase classname="TestPackage.testCase3" name="verifyNavigateTOCorrectArrival" time="34.578"/>
  <system-out/>
</testsuite> <!-- TestPackage.testCase3 -->
