<?xml version="1.0" encoding="UTF-8"?>
<!-- Generated by org.testng.reporters.JUnitReportReporter -->
<testsuite hostname="DESKTOP-150RU6Q" failures="0" tests="1" name="TestPackage.testCase1" time="32.521" errors="0" timestamp="2022-02-26T22:17:08 IST" skipped="0">
  <testcase classname="TestPackage.testCase1" name="verifyCountSlider" time="32.521"/>
  <system-out/>
</testsuite> <!-- TestPackage.testCase1 -->
